<?xml version="1.0" encoding="UTF-8"?>
<!-- Generated by org.testng.reporters.JUnitReportReporter -->
<testsuite hostname="DESKTOP-3BL6A4A" failures="0" tests="7" name="smokeTest.MathematicalCalculations" time="42.019" errors="0" timestamp="2024-02-27T19:23:29 EET" skipped="0">
  <testcase classname="smokeTest.MathematicalCalculations" name="subtractTestCase" time="8.922"/>
  <system-out/>
  <testcase classname="smokeTest.MathematicalCalculations" name="multiplyTestCase" time="7.620"/>
  <system-out/>
  <testcase classname="smokeTest.MathematicalCalculations" name="sqrtTestCase" time="4.153"/>
  <system-out/>
  <testcase classname="smokeTest.MathematicalCalculations" name="powerTestCase" time="4.159"/>
  <system-out/>
  <testcase classname="smokeTest.MathematicalCalculations" name="factorialTestCase" time="3.667"/>
  <system-out/>
  <testcase classname="smokeTest.MathematicalCalculations" name="addTestCase" time="6.758"/>
  <system-out/>
  <testcase classname="smokeTest.MathematicalCalculations" name="divideTestCase" time="6.740"/>
  <system-out/>
</testsuite> <!-- smokeTest.MathematicalCalculations -->
