<?xml version="1.0" encoding="UTF-8"?>
<!-- Generated by org.testng.reporters.JUnitReportReporter -->
<testsuite hostname="DESKTOP-3BL6A4A" failures="0" tests="5" name="appium_project.AppiumTesting" time="33.928" errors="0" timestamp="2024-02-15T22:23:18 EET" skipped="0">
  <testcase classname="appium_project.AppiumTesting" name="addTestCase" time="9.455"/>
  <system-out/>
  <testcase classname="appium_project.AppiumTesting" name="multiplyTestCase" time="8.611"/>
  <system-out/>
  <testcase classname="appium_project.AppiumTesting" name="powerTestCase" time="3.779"/>
  <system-out/>
  <testcase classname="appium_project.AppiumTesting" name="subtractTestCase" time="6.844"/>
  <system-out/>
  <testcase classname="appium_project.AppiumTesting" name="divideTestCase" time="5.239"/>
  <system-out/>
</testsuite> <!-- appium_project.AppiumTesting -->
