<?xml version="1.0" encoding="UTF-8"?>
<!-- Generated by org.testng.reporters.JUnitReportReporter -->
<testsuite hostname="DESKTOP-3BL6A4A" failures="0" tests="7" name="appium_project.MathematicalCalculations" time="31.281" errors="0" timestamp="2024-02-15T23:34:09 EET" skipped="0">
  <testcase classname="appium_project.MathematicalCalculations" name="subtractTestCase" time="7.895"/>
  <system-out/>
  <testcase classname="appium_project.MathematicalCalculations" name="multiplyTestCase" time="4.487"/>
  <system-out/>
  <testcase classname="appium_project.MathematicalCalculations" name="powerTestCase" time="3.104"/>
  <system-out/>
  <testcase classname="appium_project.MathematicalCalculations" name="addTestCase" time="4.382"/>
  <system-out/>
  <testcase classname="appium_project.MathematicalCalculations" name="divideTestCase" time="4.677"/>
  <system-out/>
  <testcase classname="appium_project.MathematicalCalculations" name="sqrtTestCase" time="3.699"/>
  <system-out/>
  <testcase classname="appium_project.MathematicalCalculations" name="factorialTestCase" time="3.037"/>
  <system-out/>
</testsuite> <!-- appium_project.MathematicalCalculations -->
